2021-08-10T14:08:12.173Z [my-bank-api] info: server online
2021-08-10T14:08:16.370Z [my-bank-api] info: GET /account
2021-08-10T14:11:27.145Z [my-bank-api] info: server online
2021-08-10T14:11:39.106Z [my-bank-api] info: GET /account
2021-08-10T14:13:03.155Z [my-bank-api] info: server online
2021-08-10T14:13:07.610Z [my-bank-api] info: GET /account
2021-08-11T01:22:35.215Z [my-bank-api] info: server online
2021-08-11T01:23:33.804Z [my-bank-api] info: GET /account
2021-08-11T01:24:04.155Z [my-bank-api] info: server online
2021-08-11T01:25:50.199Z [my-bank-api] info: server online
2021-08-11T01:26:00.330Z [my-bank-api] info: server online
2021-08-11T01:26:31.848Z [my-bank-api] info: server online
2021-08-11T01:26:44.435Z [my-bank-api] info: server online
2021-08-11T01:28:19.921Z [my-bank-api] info: server online
2021-08-11T01:28:30.531Z [my-bank-api] info: server online
2021-08-11T01:28:53.601Z [my-bank-api] info: server online
2021-08-11T01:29:12.987Z [my-bank-api] info: server online
2021-08-11T12:33:34.093Z [my-bank-api] info: server online
2021-08-11T12:33:54.846Z [my-bank-api] info: GET /account
2021-08-11T12:33:57.607Z [my-bank-api] info: GET /account/:id
2021-08-11T12:34:02.219Z [my-bank-api] error: DELETE /account re is not defined
2021-08-11T12:34:20.469Z [my-bank-api] info: server online
2021-08-11T12:34:28.392Z [my-bank-api] info: server online
2021-08-11T12:34:32.146Z [my-bank-api] info: DELETE /account/:id - 4
2021-08-11T12:34:36.941Z [my-bank-api] info: GET /account
2021-08-11T12:34:52.330Z [my-bank-api] info: POST /account - {"id":5,"name":"teste4","balance":789}
2021-08-11T12:34:56.719Z [my-bank-api] info: GET /account
2021-08-11T12:35:18.260Z [my-bank-api] info: PUT /account - {"id":5,"name":"nao era teste","balance":8550}
2021-08-11T12:35:22.051Z [my-bank-api] info: GET /account
2021-08-11T12:35:42.338Z [my-bank-api] error: PATCH /account AccountService.updateBalance is not a function
2021-08-11T12:37:02.288Z [my-bank-api] info: server online
2021-08-11T12:37:04.452Z [my-bank-api] error: PATCH /account Invalid status code: 5
2021-08-11T12:37:16.703Z [my-bank-api] info: GET /account
2021-08-11T12:38:28.033Z [my-bank-api] info: server online
2021-08-11T12:38:31.413Z [my-bank-api] info: GET /account
2021-08-11T12:38:43.127Z [my-bank-api] error: PATCH /account Invalid status code: 5
2021-08-11T12:39:59.931Z [my-bank-api] info: server online
2021-08-11T12:40:03.126Z [my-bank-api] info: PATCH /account/updateBalance - {"id":5,"balance":5}
2021-08-11T12:40:34.852Z [my-bank-api] info: server online
2021-08-11T12:40:44.387Z [my-bank-api] info: server online
2021-08-11T12:40:53.939Z [my-bank-api] error: PATCH /account Invalid status code: { id: 5, balance: 5 }
2021-08-11T12:41:25.309Z [my-bank-api] info: server online
2021-08-11T12:41:42.980Z [my-bank-api] info: server online
2021-08-11T12:58:45.464Z [my-bank-api] info: server online
2021-08-11T13:00:51.691Z [my-bank-api] info: server online
2021-08-11T13:00:52.120Z [my-bank-api] info: server online
2021-08-11T13:08:26.054Z [my-bank-api] info: server online
2021-08-11T13:10:40.061Z [my-bank-api] info: server online
2021-08-11T13:12:56.279Z [my-bank-api] info: server online
2021-08-11T13:13:00.571Z [my-bank-api] info: server online
2021-08-11T13:13:16.026Z [my-bank-api] info: server online
2021-08-11T13:15:04.911Z [my-bank-api] info: server online
2021-08-11T13:15:18.128Z [my-bank-api] info: server online
2021-08-11T13:15:23.247Z [my-bank-api] info: server online
2021-08-11T13:15:32.525Z [my-bank-api] info: server online
2021-08-11T13:16:37.616Z [my-bank-api] info: server online
2021-08-11T13:16:48.170Z [my-bank-api] info: server online
2021-08-11T13:17:10.984Z [my-bank-api] info: server online
2021-08-11T13:18:42.891Z [my-bank-api] info: server online
2021-08-11T13:18:48.364Z [my-bank-api] info: server online
2021-08-11T13:19:37.175Z [my-bank-api] info: server online
2021-08-11T13:19:49.394Z [my-bank-api] info: server online
2021-08-11T13:21:49.433Z [my-bank-api] info: server online
2021-08-11T13:23:02.565Z [my-bank-api] info: server online
2021-08-11T13:23:15.820Z [my-bank-api] info: server online
2021-08-11T13:24:00.786Z [my-bank-api] info: server online
2021-08-11T13:25:20.115Z [my-bank-api] info: server online
2021-08-11T13:25:26.189Z [my-bank-api] info: GET /account
2021-08-11T13:25:30.804Z [my-bank-api] error: GET /account Data not found
2021-08-11T13:25:36.004Z [my-bank-api] info: GET /account/:id
2021-08-11T13:25:41.101Z [my-bank-api] info: DELETE /account/:id - 5
2021-08-11T13:25:45.236Z [my-bank-api] info: GET /account
2021-08-11T13:25:50.487Z [my-bank-api] info: POST /account - {"id":6,"name":"teste4","balance":789}
2021-08-11T13:25:53.487Z [my-bank-api] info: GET /account
2021-08-11T13:26:00.497Z [my-bank-api] error: PUT /account Data not found
2021-08-11T13:26:05.634Z [my-bank-api] info: PUT /account - {"id":6,"name":"nao era teste","balance":8550}
2021-08-11T13:27:15.025Z [my-bank-api] info: server online
2021-08-11T13:27:17.495Z [my-bank-api] info: PUT /account - {"id":6,"name":"nao era teste","balance":8550}
2021-08-11T13:27:38.346Z [my-bank-api] error: PATCH /account Data not found
2021-08-11T13:28:23.118Z [my-bank-api] info: server online
2021-08-11T13:28:25.089Z [my-bank-api] error: PATCH /account Data not found
2021-08-11T13:28:34.584Z [my-bank-api] info: PATCH /account/updateBalance - {"id":6,"balance":5000}
2021-08-11T13:28:45.042Z [my-bank-api] info: GET /account
2021-08-11T13:31:35.139Z [my-bank-api] info: server online
2021-08-19T14:20:47.587Z [my-bank-api] info: server online
2021-08-19T14:21:37.730Z [my-bank-api] info: GET /account
2021-08-19T14:21:54.482Z [my-bank-api] info: GET /account
2021-08-19T14:22:10.080Z [my-bank-api] info: server online
2021-08-19T14:22:21.376Z [my-bank-api] info: GET /account
2021-08-19T14:22:26.607Z [my-bank-api] info: GET /account
2021-08-19T14:23:46.612Z [my-bank-api] info: server online
2021-08-19T14:25:14.436Z [my-bank-api] info: server online
2021-08-19T14:26:24.098Z [my-bank-api] info: GET /account
2021-08-19T14:30:59.783Z [my-bank-api] info: server online
2021-08-19T14:32:21.751Z [my-bank-api] info: GET /account
2021-08-19T14:42:34.290Z [my-bank-api] info: server online
2021-08-19T14:46:09.021Z [my-bank-api] info: server online
2021-08-19T14:46:59.250Z [my-bank-api] info: server online
2021-08-19T14:47:01.702Z [my-bank-api] info: server online
2021-08-19T14:51:49.356Z [my-bank-api] info: server online
2021-08-19T14:51:51.469Z [my-bank-api] info: GET /account
2021-08-19T14:52:01.064Z [my-bank-api] info: GET /account
2021-08-19T15:01:06.953Z [my-bank-api] info: GET /account
2021-08-19T20:02:40.132Z [my-bank-api] info: server online
2021-08-19T20:06:25.593Z [my-bank-api] info: server online
2021-08-19T20:06:35.218Z [my-bank-api] info: GET /account
2021-08-19T20:07:55.261Z [my-bank-api] info: GET /account
2021-08-19T20:12:10.549Z [my-bank-api] info: GET /account
2021-08-19T20:16:14.632Z [my-bank-api] info: server online
