undefined [undefined] [object Object] undefined
undefined [undefined] [object Object] undefined
2021-09-06T16:28:44.935Z [store-api] error POST  - All data needed
2021-09-06T17:12:24.382Z [store-api] error POST  - clinet is not defined
2021-09-06T17:12:52.124Z [store-api] error POST  - relation "clients" does not exist
2021-09-06T17:16:39.229Z [store-api] info POST /client - {"name":"vitoria","cpf":"32132131","phone":"16991044787","email":"vitoria@vitoria.com","address":"rua x, nro 999"}
2021-09-06T17:20:28.141Z [store-api] info POST /client - {"name":"vitoria2","cpf":"32132131","phone":"16991044787","email":"vitoria@vitoria.com","address":"rua x, nro 999"}
2021-09-06T17:36:47.593Z [store-api] error GET  - ClientService.getClients is not a function
2021-09-06T17:38:02.706Z [store-api] error GET  - client is not defined
2021-09-06T17:39:09.918Z [store-api] info GET /client
2021-09-06T17:50:25.330Z [store-api] info GET /clients
2021-09-06T17:50:39.193Z [store-api] info GET /client
2021-09-06T17:50:44.409Z [store-api] info GET /client
2021-09-06T18:02:46.748Z [store-api] info DELETE /client
2021-09-06T18:02:52.448Z [store-api] info GET /clients
2021-09-06T18:19:47.124Z [store-api] error PUT  - client is not defined
2021-09-06T18:31:18.684Z [store-api] error PUT  - client is not defined
2021-09-06T18:32:05.269Z [store-api] error PUT  - client is not defined
2021-09-06T18:32:31.183Z [store-api] info PUT /client - {"client_id":2,"name":"vitoria alterada","cpf":"32132131","phone":"16991044787","email":"vitoria@vitoria.com","address":"rua x, nro 999"}
2021-09-06T18:32:45.928Z [store-api] info POST /client - {"name":"vitoria3","cpf":"32132131","phone":"16991044787","email":"vitoria@vitoria.com","address":"rua x, nro 999"}
2021-09-06T18:32:49.268Z [store-api] info GET /clients
2021-09-06T18:32:54.139Z [store-api] info GET /client
2021-09-06T18:33:01.910Z [store-api] info DELETE /client
2021-09-06T18:33:05.583Z [store-api] info GET /clients
2021-09-06T18:33:13.288Z [store-api] info PUT /client - {"client_id":3,"name":"vitoria alterada","cpf":"32132131","phone":"16991044787","email":"vitoria@vitoria.com","address":"rua x, nro 999"}
